2023-02-02 00:52:37.453  INFO 31377 --- [main] ru.example.fintech.FintechApplication    : Starting FintechApplication using Java 17.0.4 on dell with PID 31377 (/home/dmitry/Desktop/hexlet/fintech-application/target/classes started by dmitry in /home/dmitry/Desktop/hexlet/fintech-application)
2023-02-02 00:52:37.455  INFO 31377 --- [main] ru.example.fintech.FintechApplication    : No active profile set, falling back to default profiles: default
2023-02-02 00:52:38.076  INFO 31377 --- [main] .s.d.r.c.RepositoryConfigurationDelegate : Bootstrapping Spring Data JPA repositories in DEFAULT mode.
2023-02-02 00:52:38.089  INFO 31377 --- [main] .s.d.r.c.RepositoryConfigurationDelegate : Finished Spring Data repository scanning in 6 ms. Found 0 JPA repository interfaces.
2023-02-02 00:52:38.456  INFO 31377 --- [main] o.s.b.w.embedded.tomcat.TomcatWebServer  : Tomcat initialized with port(s): 8090 (http)
2023-02-02 00:52:38.462  INFO 31377 --- [main] o.apache.catalina.core.StandardService   : Starting service [Tomcat]
2023-02-02 00:52:38.462  INFO 31377 --- [main] org.apache.catalina.core.StandardEngine  : Starting Servlet engine: [Apache Tomcat/9.0.52]
2023-02-02 00:52:38.517  INFO 31377 --- [main] o.a.c.c.C.[Tomcat].[localhost].[/]       : Initializing Spring embedded WebApplicationContext
2023-02-02 00:52:38.517  INFO 31377 --- [main] w.s.c.ServletWebServerApplicationContext : Root WebApplicationContext: initialization completed in 1020 ms
2023-02-02 00:52:38.646  INFO 31377 --- [main] o.f.c.internal.license.VersionPrinter    : Flyway Community Edition 7.7.3 by Redgate
2023-02-02 00:52:38.650  INFO 31377 --- [main] com.zaxxer.hikari.HikariDataSource       : HikariPool-1 - Starting...
2023-02-02 00:52:38.759  INFO 31377 --- [main] com.zaxxer.hikari.HikariDataSource       : HikariPool-1 - Start completed.
2023-02-02 00:52:38.774  INFO 31377 --- [main] o.f.c.i.database.base.DatabaseType       : Database: jdbc:h2:./src/main/resources/db/bank_Api (H2 1.4)
2023-02-02 00:52:38.846  INFO 31377 --- [main] o.f.core.internal.command.DbValidate     : Successfully validated 2 migrations (execution time 00:00.027s)
2023-02-02 00:52:38.869  INFO 31377 --- [main] o.f.c.i.s.JdbcTableSchemaHistory         : Creating Schema History table "PUBLIC"."flyway_schema_history" ...
2023-02-02 00:52:38.895  INFO 31377 --- [main] o.f.c.i.s.DefaultSqlScriptExecutor       : 0 rows affected
2023-02-02 00:52:38.898  INFO 31377 --- [main] o.f.c.i.s.DefaultSqlScriptExecutor       : 0 rows affected
2023-02-02 00:52:38.916  INFO 31377 --- [main] o.f.core.internal.command.DbMigrate      : Current version of schema "PUBLIC": << Empty Schema >>
2023-02-02 00:52:38.924  INFO 31377 --- [main] o.f.core.internal.command.DbMigrate      : Migrating schema "PUBLIC" to version "1 - initDB"
2023-02-02 00:52:38.929  INFO 31377 --- [main] o.f.c.i.s.DefaultSqlScriptExecutor       : 0 rows affected
2023-02-02 00:52:38.930  INFO 31377 --- [main] o.f.c.i.s.DefaultSqlScriptExecutor       : 0 rows affected
2023-02-02 00:52:38.931  INFO 31377 --- [main] o.f.c.i.s.DefaultSqlScriptExecutor       : 0 rows affected
2023-02-02 00:52:38.933  INFO 31377 --- [main] o.f.c.i.s.DefaultSqlScriptExecutor       : 0 rows affected
2023-02-02 00:52:38.934  INFO 31377 --- [main] o.f.c.i.s.DefaultSqlScriptExecutor       : 0 rows affected
2023-02-02 00:52:38.934  INFO 31377 --- [main] o.f.c.i.s.DefaultSqlScriptExecutor       : 0 rows affected
2023-02-02 00:52:38.935  INFO 31377 --- [main] o.f.c.i.s.DefaultSqlScriptExecutor       : 0 rows affected
2023-02-02 00:52:38.936  INFO 31377 --- [main] o.f.c.i.s.DefaultSqlScriptExecutor       : 0 rows affected
2023-02-02 00:52:38.937  INFO 31377 --- [main] o.f.c.i.s.DefaultSqlScriptExecutor       : 0 rows affected
2023-02-02 00:52:38.942  INFO 31377 --- [main] o.f.c.i.s.DefaultSqlScriptExecutor       : 0 rows affected
2023-02-02 00:52:38.944  INFO 31377 --- [main] o.f.c.i.s.DefaultSqlScriptExecutor       : 0 rows affected
2023-02-02 00:52:38.968  INFO 31377 --- [main] o.f.core.internal.command.DbMigrate      : Migrating schema "PUBLIC" to version "2 - Add data"
2023-02-02 00:52:38.970  INFO 31377 --- [main] o.f.c.i.s.DefaultSqlScriptExecutor       : 1 rows affected
2023-02-02 00:52:38.971  INFO 31377 --- [main] o.f.c.i.s.DefaultSqlScriptExecutor       : 1 rows affected
2023-02-02 00:52:38.972  INFO 31377 --- [main] o.f.c.i.s.DefaultSqlScriptExecutor       : 1 rows affected
2023-02-02 00:52:38.973  INFO 31377 --- [main] o.f.c.i.s.DefaultSqlScriptExecutor       : 1 rows affected
2023-02-02 00:52:38.973  INFO 31377 --- [main] o.f.c.i.s.DefaultSqlScriptExecutor       : 1 rows affected
2023-02-02 00:52:38.974  INFO 31377 --- [main] o.f.c.i.s.DefaultSqlScriptExecutor       : 1 rows affected
2023-02-02 00:52:38.975  INFO 31377 --- [main] o.f.c.i.s.DefaultSqlScriptExecutor       : 1 rows affected
2023-02-02 00:52:38.976  INFO 31377 --- [main] o.f.c.i.s.DefaultSqlScriptExecutor       : 1 rows affected
2023-02-02 00:52:38.976  INFO 31377 --- [main] o.f.c.i.s.DefaultSqlScriptExecutor       : 1 rows affected
2023-02-02 00:52:38.977  INFO 31377 --- [main] o.f.c.i.s.DefaultSqlScriptExecutor       : 1 rows affected
2023-02-02 00:52:38.977  INFO 31377 --- [main] o.f.c.i.s.DefaultSqlScriptExecutor       : 1 rows affected
2023-02-02 00:52:38.978  INFO 31377 --- [main] o.f.c.i.s.DefaultSqlScriptExecutor       : 1 rows affected
2023-02-02 00:52:38.979  INFO 31377 --- [main] o.f.c.i.s.DefaultSqlScriptExecutor       : 1 rows affected
2023-02-02 00:52:38.980  INFO 31377 --- [main] o.f.c.i.s.DefaultSqlScriptExecutor       : 1 rows affected
2023-02-02 00:52:38.981  INFO 31377 --- [main] o.f.c.i.s.DefaultSqlScriptExecutor       : 1 rows affected
2023-02-02 00:52:38.981  INFO 31377 --- [main] o.f.c.i.s.DefaultSqlScriptExecutor       : 1 rows affected
2023-02-02 00:52:39.005  INFO 31377 --- [main] o.f.core.internal.command.DbMigrate      : Successfully applied 2 migrations to schema "PUBLIC", now at version v2 (execution time 00:00.096s)
2023-02-02 00:52:39.105  INFO 31377 --- [main] o.hibernate.jpa.internal.util.LogHelper  : HHH000204: Processing PersistenceUnitInfo [name: default]
2023-02-02 00:52:39.152  INFO 31377 --- [main] org.hibernate.Version                    : HHH000412: Hibernate ORM core version 5.5.6
2023-02-02 00:52:39.262  INFO 31377 --- [main] o.hibernate.annotations.common.Version   : HCANN000001: Hibernate Commons Annotations {5.1.2.Final}
2023-02-02 00:52:39.349  INFO 31377 --- [main] org.hibernate.dialect.Dialect            : HHH000400: Using dialect: org.hibernate.dialect.H2Dialect
2023-02-02 00:52:39.768  INFO 31377 --- [main] o.h.e.t.j.p.i.JtaPlatformInitiator       : HHH000490: Using JtaPlatform implementation: [org.hibernate.engine.transaction.jta.platform.internal.NoJtaPlatform]
2023-02-02 00:52:39.775  INFO 31377 --- [main] j.LocalContainerEntityManagerFactoryBean : Initialized JPA EntityManagerFactory for persistence unit 'default'
2023-02-02 00:52:39.862  WARN 31377 --- [main] JpaBaseConfiguration$JpaWebConfiguration : spring.jpa.open-in-view is enabled by default. Therefore, database queries may be performed during view rendering. Explicitly configure spring.jpa.open-in-view to disable this warning
2023-02-02 00:52:40.162  INFO 31377 --- [main] o.s.b.w.embedded.tomcat.TomcatWebServer  : Tomcat started on port(s): 8090 (http) with context path ''
2023-02-02 00:52:40.170  INFO 31377 --- [main] ru.example.fintech.FintechApplication    : Started FintechApplication in 3.061 seconds (JVM running for 3.613)
2023-02-02 00:53:50.286  INFO 31377 --- [http-nio-8090-exec-1] o.a.c.c.C.[Tomcat].[localhost].[/]       : Initializing Spring DispatcherServlet 'dispatcherServlet'
2023-02-02 00:53:50.286  INFO 31377 --- [http-nio-8090-exec-1] o.s.web.servlet.DispatcherServlet        : Initializing Servlet 'dispatcherServlet'
2023-02-02 00:53:50.287  INFO 31377 --- [http-nio-8090-exec-1] o.s.web.servlet.DispatcherServlet        : Completed initialization in 1 ms
2023-02-02 00:54:18.626  WARN 31377 --- [http-nio-8090-exec-5] r.e.f.exception.ApiExceptionHandler      : Вы можете получить доступ только к своему счету
2023-02-02 00:56:06.687  INFO 31377 --- [SpringApplicationShutdownHook] j.LocalContainerEntityManagerFactoryBean : Closing JPA EntityManagerFactory for persistence unit 'default'
2023-02-02 00:56:06.688  INFO 31377 --- [SpringApplicationShutdownHook] com.zaxxer.hikari.HikariDataSource       : HikariPool-1 - Shutdown initiated...
2023-02-02 00:56:06.690  INFO 31377 --- [SpringApplicationShutdownHook] com.zaxxer.hikari.HikariDataSource       : HikariPool-1 - Shutdown completed.
2023-02-02 00:56:12.747  INFO 35785 --- [main] ru.example.fintech.FintechApplication    : Starting FintechApplication using Java 17.0.4 on dell with PID 35785 (/home/dmitry/Desktop/hexlet/fintech-application/target/classes started by dmitry in /home/dmitry/Desktop/hexlet/fintech-application)
2023-02-02 00:56:12.749  INFO 35785 --- [main] ru.example.fintech.FintechApplication    : No active profile set, falling back to default profiles: default
2023-02-02 00:56:13.275  INFO 35785 --- [main] .s.d.r.c.RepositoryConfigurationDelegate : Bootstrapping Spring Data JPA repositories in DEFAULT mode.
2023-02-02 00:56:13.285  INFO 35785 --- [main] .s.d.r.c.RepositoryConfigurationDelegate : Finished Spring Data repository scanning in 4 ms. Found 0 JPA repository interfaces.
2023-02-02 00:56:13.622  INFO 35785 --- [main] o.s.b.w.embedded.tomcat.TomcatWebServer  : Tomcat initialized with port(s): 8090 (http)
2023-02-02 00:56:13.628  INFO 35785 --- [main] o.apache.catalina.core.StandardService   : Starting service [Tomcat]
2023-02-02 00:56:13.629  INFO 35785 --- [main] org.apache.catalina.core.StandardEngine  : Starting Servlet engine: [Apache Tomcat/9.0.52]
2023-02-02 00:56:13.688  INFO 35785 --- [main] o.a.c.c.C.[Tomcat].[localhost].[/]       : Initializing Spring embedded WebApplicationContext
2023-02-02 00:56:13.689  INFO 35785 --- [main] w.s.c.ServletWebServerApplicationContext : Root WebApplicationContext: initialization completed in 892 ms
2023-02-02 00:56:13.781  INFO 35785 --- [main] o.f.c.internal.license.VersionPrinter    : Flyway Community Edition 7.7.3 by Redgate
2023-02-02 00:56:13.784  INFO 35785 --- [main] com.zaxxer.hikari.HikariDataSource       : HikariPool-1 - Starting...
2023-02-02 00:56:13.873  INFO 35785 --- [main] com.zaxxer.hikari.HikariDataSource       : HikariPool-1 - Start completed.
2023-02-02 00:56:13.890  INFO 35785 --- [main] o.f.c.i.database.base.DatabaseType       : Database: jdbc:h2:./src/main/resources/db/bank_Api (H2 1.4)
2023-02-02 00:56:13.982  WARN 35785 --- [main] ConfigServletWebServerApplicationContext : Exception encountered during context initialization - cancelling refresh attempt: org.springframework.beans.factory.BeanCreationException: Error creating bean with name 'flywayInitializer' defined in class path resource [org/springframework/boot/autoconfigure/flyway/FlywayAutoConfiguration$FlywayConfiguration.class]: Invocation of init method failed; nested exception is org.flywaydb.core.api.exception.FlywayValidateException: Validate failed: Migrations have failed validation
Migration checksum mismatch for migration version 1
-> Applied to database : -1674658255
-> Resolved locally    : 178809226. Either revert the changes to the migration, or run repair to update the schema history.
Migration checksum mismatch for migration version 2
-> Applied to database : 1286839366
-> Resolved locally    : 656447215. Either revert the changes to the migration, or run repair to update the schema history.
2023-02-02 00:56:13.982  INFO 35785 --- [main] com.zaxxer.hikari.HikariDataSource       : HikariPool-1 - Shutdown initiated...
2023-02-02 00:56:14.072  INFO 35785 --- [main] com.zaxxer.hikari.HikariDataSource       : HikariPool-1 - Shutdown completed.
2023-02-02 00:56:14.075  INFO 35785 --- [main] o.apache.catalina.core.StandardService   : Stopping service [Tomcat]
2023-02-02 00:56:14.088  INFO 35785 --- [main] ConditionEvaluationReportLoggingListener : 

Error starting ApplicationContext. To display the conditions report re-run your application with 'debug' enabled.
2023-02-02 00:56:14.108 ERROR 35785 --- [main] o.s.boot.SpringApplication               : Application run failed

org.springframework.beans.factory.BeanCreationException: Error creating bean with name 'flywayInitializer' defined in class path resource [org/springframework/boot/autoconfigure/flyway/FlywayAutoConfiguration$FlywayConfiguration.class]: Invocation of init method failed; nested exception is org.flywaydb.core.api.exception.FlywayValidateException: Validate failed: Migrations have failed validation
Migration checksum mismatch for migration version 1
-> Applied to database : -1674658255
-> Resolved locally    : 178809226. Either revert the changes to the migration, or run repair to update the schema history.
Migration checksum mismatch for migration version 2
-> Applied to database : 1286839366
-> Resolved locally    : 656447215. Either revert the changes to the migration, or run repair to update the schema history.
	at org.springframework.beans.factory.support.AbstractAutowireCapableBeanFactory.initializeBean(AbstractAutowireCapableBeanFactory.java:1786) ~[spring-beans-5.3.9.jar:5.3.9]
	at org.springframework.beans.factory.support.AbstractAutowireCapableBeanFactory.doCreateBean(AbstractAutowireCapableBeanFactory.java:602) ~[spring-beans-5.3.9.jar:5.3.9]
	at org.springframework.beans.factory.support.AbstractAutowireCapableBeanFactory.createBean(AbstractAutowireCapableBeanFactory.java:524) ~[spring-beans-5.3.9.jar:5.3.9]
	at org.springframework.beans.factory.support.AbstractBeanFactory.lambda$doGetBean$0(AbstractBeanFactory.java:335) ~[spring-beans-5.3.9.jar:5.3.9]
	at org.springframework.beans.factory.support.DefaultSingletonBeanRegistry.getSingleton(DefaultSingletonBeanRegistry.java:234) ~[spring-beans-5.3.9.jar:5.3.9]
	at org.springframework.beans.factory.support.AbstractBeanFactory.doGetBean(AbstractBeanFactory.java:333) ~[spring-beans-5.3.9.jar:5.3.9]
	at org.springframework.beans.factory.support.AbstractBeanFactory.getBean(AbstractBeanFactory.java:208) ~[spring-beans-5.3.9.jar:5.3.9]
	at org.springframework.beans.factory.support.AbstractBeanFactory.doGetBean(AbstractBeanFactory.java:322) ~[spring-beans-5.3.9.jar:5.3.9]
	at org.springframework.beans.factory.support.AbstractBeanFactory.getBean(AbstractBeanFactory.java:208) ~[spring-beans-5.3.9.jar:5.3.9]
	at org.springframework.context.support.AbstractApplicationContext.getBean(AbstractApplicationContext.java:1154) ~[spring-context-5.3.9.jar:5.3.9]
	at org.springframework.context.support.AbstractApplicationContext.finishBeanFactoryInitialization(AbstractApplicationContext.java:908) ~[spring-context-5.3.9.jar:5.3.9]
	at org.springframework.context.support.AbstractApplicationContext.refresh(AbstractApplicationContext.java:583) ~[spring-context-5.3.9.jar:5.3.9]
	at org.springframework.boot.web.servlet.context.ServletWebServerApplicationContext.refresh(ServletWebServerApplicationContext.java:145) ~[spring-boot-2.5.4.jar:2.5.4]
	at org.springframework.boot.SpringApplication.refresh(SpringApplication.java:754) ~[spring-boot-2.5.4.jar:2.5.4]
	at org.springframework.boot.SpringApplication.refreshContext(SpringApplication.java:434) ~[spring-boot-2.5.4.jar:2.5.4]
	at org.springframework.boot.SpringApplication.run(SpringApplication.java:338) ~[spring-boot-2.5.4.jar:2.5.4]
	at org.springframework.boot.SpringApplication.run(SpringApplication.java:1343) ~[spring-boot-2.5.4.jar:2.5.4]
	at org.springframework.boot.SpringApplication.run(SpringApplication.java:1332) ~[spring-boot-2.5.4.jar:2.5.4]
	at ru.example.fintech.FintechApplication.main(FintechApplication.java:11) ~[classes/:na]
Caused by: org.flywaydb.core.api.exception.FlywayValidateException: Validate failed: Migrations have failed validation
Migration checksum mismatch for migration version 1
-> Applied to database : -1674658255
-> Resolved locally    : 178809226. Either revert the changes to the migration, or run repair to update the schema history.
Migration checksum mismatch for migration version 2
-> Applied to database : 1286839366
-> Resolved locally    : 656447215. Either revert the changes to the migration, or run repair to update the schema history.
	at org.flywaydb.core.Flyway$1.execute(Flyway.java:173) ~[flyway-core-7.7.3.jar:na]
	at org.flywaydb.core.Flyway$1.execute(Flyway.java:165) ~[flyway-core-7.7.3.jar:na]
	at org.flywaydb.core.Flyway.execute(Flyway.java:572) ~[flyway-core-7.7.3.jar:na]
	at org.flywaydb.core.Flyway.migrate(Flyway.java:165) ~[flyway-core-7.7.3.jar:na]
	at org.springframework.boot.autoconfigure.flyway.FlywayMigrationInitializer.afterPropertiesSet(FlywayMigrationInitializer.java:66) ~[spring-boot-autoconfigure-2.5.4.jar:2.5.4]
	at org.springframework.beans.factory.support.AbstractAutowireCapableBeanFactory.invokeInitMethods(AbstractAutowireCapableBeanFactory.java:1845) ~[spring-beans-5.3.9.jar:5.3.9]
	at org.springframework.beans.factory.support.AbstractAutowireCapableBeanFactory.initializeBean(AbstractAutowireCapableBeanFactory.java:1782) ~[spring-beans-5.3.9.jar:5.3.9]
	... 18 common frames omitted

2023-02-02 00:58:26.811  INFO 38549 --- [main] ru.example.fintech.FintechApplication    : Starting FintechApplication using Java 17.0.4 on dell with PID 38549 (/home/dmitry/Desktop/hexlet/fintech-application/target/classes started by dmitry in /home/dmitry/Desktop/hexlet/fintech-application)
2023-02-02 00:58:26.813  INFO 38549 --- [main] ru.example.fintech.FintechApplication    : No active profile set, falling back to default profiles: default
2023-02-02 00:58:27.324  INFO 38549 --- [main] .s.d.r.c.RepositoryConfigurationDelegate : Bootstrapping Spring Data JPA repositories in DEFAULT mode.
2023-02-02 00:58:27.336  INFO 38549 --- [main] .s.d.r.c.RepositoryConfigurationDelegate : Finished Spring Data repository scanning in 6 ms. Found 0 JPA repository interfaces.
2023-02-02 00:58:27.671  INFO 38549 --- [main] o.s.b.w.embedded.tomcat.TomcatWebServer  : Tomcat initialized with port(s): 8090 (http)
2023-02-02 00:58:27.676  INFO 38549 --- [main] o.apache.catalina.core.StandardService   : Starting service [Tomcat]
2023-02-02 00:58:27.676  INFO 38549 --- [main] org.apache.catalina.core.StandardEngine  : Starting Servlet engine: [Apache Tomcat/9.0.52]
2023-02-02 00:58:27.716  INFO 38549 --- [main] o.a.c.c.C.[Tomcat].[localhost].[/]       : Initializing Spring embedded WebApplicationContext
2023-02-02 00:58:27.716  INFO 38549 --- [main] w.s.c.ServletWebServerApplicationContext : Root WebApplicationContext: initialization completed in 858 ms
2023-02-02 00:58:27.792  INFO 38549 --- [main] o.f.c.internal.license.VersionPrinter    : Flyway Community Edition 7.7.3 by Redgate
2023-02-02 00:58:27.795  INFO 38549 --- [main] com.zaxxer.hikari.HikariDataSource       : HikariPool-1 - Starting...
2023-02-02 00:58:27.857  INFO 38549 --- [main] com.zaxxer.hikari.HikariDataSource       : HikariPool-1 - Start completed.
2023-02-02 00:58:27.866  INFO 38549 --- [main] o.f.c.i.database.base.DatabaseType       : Database: jdbc:h2:./src/main/resources/db/bank_Api (H2 1.4)
2023-02-02 00:58:27.935  INFO 38549 --- [main] o.f.core.internal.command.DbValidate     : Successfully validated 2 migrations (execution time 00:00.031s)
2023-02-02 00:58:27.955  INFO 38549 --- [main] o.f.c.i.s.JdbcTableSchemaHistory         : Creating Schema History table "PUBLIC"."flyway_schema_history" ...
2023-02-02 00:58:27.984  INFO 38549 --- [main] o.f.c.i.s.DefaultSqlScriptExecutor       : 0 rows affected
2023-02-02 00:58:27.987  INFO 38549 --- [main] o.f.c.i.s.DefaultSqlScriptExecutor       : 0 rows affected
2023-02-02 00:58:28.013  INFO 38549 --- [main] o.f.core.internal.command.DbMigrate      : Current version of schema "PUBLIC": << Empty Schema >>
2023-02-02 00:58:28.030  INFO 38549 --- [main] o.f.core.internal.command.DbMigrate      : Migrating schema "PUBLIC" to version "1 - initDB"
2023-02-02 00:58:28.035  INFO 38549 --- [main] o.f.c.i.s.DefaultSqlScriptExecutor       : 0 rows affected
2023-02-02 00:58:28.037  INFO 38549 --- [main] o.f.c.i.s.DefaultSqlScriptExecutor       : 0 rows affected
2023-02-02 00:58:28.038  INFO 38549 --- [main] o.f.c.i.s.DefaultSqlScriptExecutor       : 0 rows affected
2023-02-02 00:58:28.039  INFO 38549 --- [main] o.f.c.i.s.DefaultSqlScriptExecutor       : 0 rows affected
2023-02-02 00:58:28.039  INFO 38549 --- [main] o.f.c.i.s.DefaultSqlScriptExecutor       : 0 rows affected
2023-02-02 00:58:28.040  INFO 38549 --- [main] o.f.c.i.s.DefaultSqlScriptExecutor       : 0 rows affected
2023-02-02 00:58:28.041  INFO 38549 --- [main] o.f.c.i.s.DefaultSqlScriptExecutor       : 0 rows affected
2023-02-02 00:58:28.046  INFO 38549 --- [main] o.f.c.i.s.DefaultSqlScriptExecutor       : 0 rows affected
2023-02-02 00:58:28.048  INFO 38549 --- [main] o.f.c.i.s.DefaultSqlScriptExecutor       : 0 rows affected
2023-02-02 00:58:28.081  INFO 38549 --- [main] o.f.core.internal.command.DbMigrate      : Migrating schema "PUBLIC" to version "2 - Add data"
2023-02-02 00:58:28.082  INFO 38549 --- [main] o.f.c.i.s.DefaultSqlScriptExecutor       : 1 rows affected
2023-02-02 00:58:28.083  INFO 38549 --- [main] o.f.c.i.s.DefaultSqlScriptExecutor       : 1 rows affected
2023-02-02 00:58:28.084  INFO 38549 --- [main] o.f.c.i.s.DefaultSqlScriptExecutor       : 1 rows affected
2023-02-02 00:58:28.085  INFO 38549 --- [main] o.f.c.i.s.DefaultSqlScriptExecutor       : 1 rows affected
2023-02-02 00:58:28.086  INFO 38549 --- [main] o.f.c.i.s.DefaultSqlScriptExecutor       : 1 rows affected
2023-02-02 00:58:28.087  INFO 38549 --- [main] o.f.c.i.s.DefaultSqlScriptExecutor       : 1 rows affected
2023-02-02 00:58:28.087  INFO 38549 --- [main] o.f.c.i.s.DefaultSqlScriptExecutor       : 1 rows affected
2023-02-02 00:58:28.088  INFO 38549 --- [main] o.f.c.i.s.DefaultSqlScriptExecutor       : 1 rows affected
2023-02-02 00:58:28.089  INFO 38549 --- [main] o.f.c.i.s.DefaultSqlScriptExecutor       : 1 rows affected
2023-02-02 00:58:28.089  INFO 38549 --- [main] o.f.c.i.s.DefaultSqlScriptExecutor       : 1 rows affected
2023-02-02 00:58:28.090  INFO 38549 --- [main] o.f.c.i.s.DefaultSqlScriptExecutor       : 1 rows affected
2023-02-02 00:58:28.090  INFO 38549 --- [main] o.f.c.i.s.DefaultSqlScriptExecutor       : 1 rows affected
2023-02-02 00:58:28.091  INFO 38549 --- [main] o.f.c.i.s.DefaultSqlScriptExecutor       : 1 rows affected
2023-02-02 00:58:28.112  INFO 38549 --- [main] o.f.core.internal.command.DbMigrate      : Successfully applied 2 migrations to schema "PUBLIC", now at version v2 (execution time 00:00.111s)
2023-02-02 00:58:28.201  INFO 38549 --- [main] o.hibernate.jpa.internal.util.LogHelper  : HHH000204: Processing PersistenceUnitInfo [name: default]
2023-02-02 00:58:28.232  INFO 38549 --- [main] org.hibernate.Version                    : HHH000412: Hibernate ORM core version 5.5.6
2023-02-02 00:58:28.324  INFO 38549 --- [main] o.hibernate.annotations.common.Version   : HCANN000001: Hibernate Commons Annotations {5.1.2.Final}
2023-02-02 00:58:28.392  INFO 38549 --- [main] org.hibernate.dialect.Dialect            : HHH000400: Using dialect: org.hibernate.dialect.H2Dialect
2023-02-02 00:58:28.770  INFO 38549 --- [main] o.h.e.t.j.p.i.JtaPlatformInitiator       : HHH000490: Using JtaPlatform implementation: [org.hibernate.engine.transaction.jta.platform.internal.NoJtaPlatform]
2023-02-02 00:58:28.775  INFO 38549 --- [main] j.LocalContainerEntityManagerFactoryBean : Initialized JPA EntityManagerFactory for persistence unit 'default'
2023-02-02 00:58:28.828  WARN 38549 --- [main] JpaBaseConfiguration$JpaWebConfiguration : spring.jpa.open-in-view is enabled by default. Therefore, database queries may be performed during view rendering. Explicitly configure spring.jpa.open-in-view to disable this warning
2023-02-02 00:58:29.060  INFO 38549 --- [main] o.s.b.w.embedded.tomcat.TomcatWebServer  : Tomcat started on port(s): 8090 (http) with context path ''
2023-02-02 00:58:29.068  INFO 38549 --- [main] ru.example.fintech.FintechApplication    : Started FintechApplication in 2.577 seconds (JVM running for 3.099)
2023-02-02 00:59:39.340  INFO 38549 --- [SpringApplicationShutdownHook] j.LocalContainerEntityManagerFactoryBean : Closing JPA EntityManagerFactory for persistence unit 'default'
2023-02-02 00:59:39.341  INFO 38549 --- [SpringApplicationShutdownHook] com.zaxxer.hikari.HikariDataSource       : HikariPool-1 - Shutdown initiated...
2023-02-02 00:59:39.343  INFO 38549 --- [SpringApplicationShutdownHook] com.zaxxer.hikari.HikariDataSource       : HikariPool-1 - Shutdown completed.
2023-02-02 01:00:05.750  INFO 40653 --- [main] ru.example.fintech.FintechApplication    : Starting FintechApplication using Java 17.0.4 on dell with PID 40653 (/home/dmitry/Desktop/hexlet/fintech-application/target/classes started by dmitry in /home/dmitry/Desktop/hexlet/fintech-application)
2023-02-02 01:00:05.752  INFO 40653 --- [main] ru.example.fintech.FintechApplication    : No active profile set, falling back to default profiles: default
2023-02-02 01:00:06.236  INFO 40653 --- [main] .s.d.r.c.RepositoryConfigurationDelegate : Bootstrapping Spring Data JPA repositories in DEFAULT mode.
2023-02-02 01:00:06.249  INFO 40653 --- [main] .s.d.r.c.RepositoryConfigurationDelegate : Finished Spring Data repository scanning in 6 ms. Found 0 JPA repository interfaces.
2023-02-02 01:00:06.590  INFO 40653 --- [main] o.s.b.w.embedded.tomcat.TomcatWebServer  : Tomcat initialized with port(s): 8090 (http)
2023-02-02 01:00:06.596  INFO 40653 --- [main] o.apache.catalina.core.StandardService   : Starting service [Tomcat]
2023-02-02 01:00:06.596  INFO 40653 --- [main] org.apache.catalina.core.StandardEngine  : Starting Servlet engine: [Apache Tomcat/9.0.52]
2023-02-02 01:00:06.638  INFO 40653 --- [main] o.a.c.c.C.[Tomcat].[localhost].[/]       : Initializing Spring embedded WebApplicationContext
2023-02-02 01:00:06.638  INFO 40653 --- [main] w.s.c.ServletWebServerApplicationContext : Root WebApplicationContext: initialization completed in 843 ms
2023-02-02 01:00:06.720  INFO 40653 --- [main] o.f.c.internal.license.VersionPrinter    : Flyway Community Edition 7.7.3 by Redgate
2023-02-02 01:00:06.724  INFO 40653 --- [main] com.zaxxer.hikari.HikariDataSource       : HikariPool-1 - Starting...
2023-02-02 01:00:06.801  INFO 40653 --- [main] com.zaxxer.hikari.HikariDataSource       : HikariPool-1 - Start completed.
2023-02-02 01:00:06.816  INFO 40653 --- [main] o.f.c.i.database.base.DatabaseType       : Database: jdbc:h2:./src/main/resources/db/bank_Api (H2 1.4)
2023-02-02 01:00:06.892  INFO 40653 --- [main] o.f.core.internal.command.DbValidate     : Successfully validated 2 migrations (execution time 00:00.039s)
2023-02-02 01:00:06.910  INFO 40653 --- [main] o.f.core.internal.command.DbMigrate      : Current version of schema "PUBLIC": 2
2023-02-02 01:00:06.914  INFO 40653 --- [main] o.f.core.internal.command.DbMigrate      : Schema "PUBLIC" is up to date. No migration necessary.
2023-02-02 01:00:07.004  INFO 40653 --- [main] o.hibernate.jpa.internal.util.LogHelper  : HHH000204: Processing PersistenceUnitInfo [name: default]
2023-02-02 01:00:07.035  INFO 40653 --- [main] org.hibernate.Version                    : HHH000412: Hibernate ORM core version 5.5.6
2023-02-02 01:00:07.113  INFO 40653 --- [main] o.hibernate.annotations.common.Version   : HCANN000001: Hibernate Commons Annotations {5.1.2.Final}
2023-02-02 01:00:07.184  INFO 40653 --- [main] org.hibernate.dialect.Dialect            : HHH000400: Using dialect: org.hibernate.dialect.H2Dialect
2023-02-02 01:00:07.560  INFO 40653 --- [main] o.h.e.t.j.p.i.JtaPlatformInitiator       : HHH000490: Using JtaPlatform implementation: [org.hibernate.engine.transaction.jta.platform.internal.NoJtaPlatform]
2023-02-02 01:00:07.564  INFO 40653 --- [main] j.LocalContainerEntityManagerFactoryBean : Initialized JPA EntityManagerFactory for persistence unit 'default'
2023-02-02 01:00:07.625  WARN 40653 --- [main] JpaBaseConfiguration$JpaWebConfiguration : spring.jpa.open-in-view is enabled by default. Therefore, database queries may be performed during view rendering. Explicitly configure spring.jpa.open-in-view to disable this warning
2023-02-02 01:00:07.871  INFO 40653 --- [main] o.s.b.w.embedded.tomcat.TomcatWebServer  : Tomcat started on port(s): 8090 (http) with context path ''
2023-02-02 01:00:07.878  INFO 40653 --- [main] ru.example.fintech.FintechApplication    : Started FintechApplication in 2.452 seconds (JVM running for 2.955)
2023-02-02 01:00:25.119  INFO 40653 --- [http-nio-8090-exec-1] o.a.c.c.C.[Tomcat].[localhost].[/]       : Initializing Spring DispatcherServlet 'dispatcherServlet'
2023-02-02 01:00:25.120  INFO 40653 --- [http-nio-8090-exec-1] o.s.web.servlet.DispatcherServlet        : Initializing Servlet 'dispatcherServlet'
2023-02-02 01:00:25.121  INFO 40653 --- [http-nio-8090-exec-1] o.s.web.servlet.DispatcherServlet        : Completed initialization in 1 ms
2023-02-02 01:00:44.624  WARN 40653 --- [http-nio-8090-exec-6] o.h.engine.jdbc.spi.SqlExceptionHelper   : SQL Error: 23505, SQLState: 23505
2023-02-02 01:00:44.624 ERROR 40653 --- [http-nio-8090-exec-6] o.h.engine.jdbc.spi.SqlExceptionHelper   : Unique index or primary key violation: "PUBLIC.UKM3IOM37EFAXD5EUCMXJQQCBE9_INDEX_6 ON PUBLIC.CUSTOMERS(PHONE) VALUES 1"; SQL statement:
insert into customers (id, first_name, last_name, passport, phone, version) values (null, ?, ?, ?, ?, ?) [23505-200]
2023-02-02 01:00:44.631  WARN 40653 --- [http-nio-8090-exec-6] r.e.f.exception.ApiExceptionHandler      : Ошибка создания клиента. Возможно вы есть в базе или телефон уже используется. При необходимости обратись по горячей линии или в одно из отделений банка
2023-02-02 01:02:34.286  INFO 40653 --- [SpringApplicationShutdownHook] j.LocalContainerEntityManagerFactoryBean : Closing JPA EntityManagerFactory for persistence unit 'default'
2023-02-02 01:02:34.287  INFO 40653 --- [SpringApplicationShutdownHook] com.zaxxer.hikari.HikariDataSource       : HikariPool-1 - Shutdown initiated...
2023-02-02 01:02:34.289  INFO 40653 --- [SpringApplicationShutdownHook] com.zaxxer.hikari.HikariDataSource       : HikariPool-1 - Shutdown completed.
